
> vibe-generated-app@1.0.0 dev
> vite


  VITE v5.4.20  ready in 181 ms

  ➜  Local:   http://localhost:3000/
  ➜  Network: http://172.20.5.165:3000/
2:52:33 PM [vite] Pre-transform error: Failed to resolve import "@react-three/fiber" from "src/components/InteractiveDemo.jsx". Does the file exist?
2:52:35 PM [vite] Internal server error: Failed to resolve import "@react-three/fiber" from "src/components/InteractiveDemo.jsx". Does the file exist?
  Plugin: vite:import-analysis
  File: /home/workspace/src/components/InteractiveDemo.jsx:2:33
  1  |  import { jsxDEV } from "react/jsx-dev-runtime";
  2  |  import React, { useRef, useState, Suspense } from "react";
  3  |  import { Canvas, useFrame } from "@react-three/fiber";
     |                                    ^
  4  |  import { OrbitControls, Stars, Float, Trail } from "@react-three/drei";
  5  |  import { Physics, RigidBody } from "@react-three/cannon";
      at TransformPluginContext._formatError (file:///home/workspace/node_modules/vite/dist/node/chunks/dep-D_zLpgQd.js:49258:41)
      at TransformPluginContext.error (file:///home/workspace/node_modules/vite/dist/node/chunks/dep-D_zLpgQd.js:49253:16)
      at normalizeUrl (file:///home/workspace/node_modules/vite/dist/node/chunks/dep-D_zLpgQd.js:64306:23)
      at process.processTicksAndRejections (node:internal/process/task_queues:105:5)
      at async file:///home/workspace/node_modules/vite/dist/node/chunks/dep-D_zLpgQd.js:64438:39
      at async Promise.all (index 2)
      at async TransformPluginContext.transform (file:///home/workspace/node_modules/vite/dist/node/chunks/dep-D_zLpgQd.js:64365:7)
      at async PluginContainer.transform (file:///home/workspace/node_modules/vite/dist/node/chunks/dep-D_zLpgQd.js:49099:18)
      at async loadAndTransform (file:///home/workspace/node_modules/vite/dist/node/chunks/dep-D_zLpgQd.js:51977:27)
      at async viteTransformMiddleware (file:///home/workspace/node_modules/vite/dist/node/chunks/dep-D_zLpgQd.js:62105:24)
2:52:59 PM [vite] Internal server error: Failed to resolve import "@react-three/fiber" from "src/components/InteractiveDemo.jsx". Does the file exist?
  Plugin: vite:import-analysis
  File: /home/workspace/src/components/InteractiveDemo.jsx:2:33
  1  |  import { jsxDEV } from "react/jsx-dev-runtime";
  2  |  import React, { useRef, useState, Suspense } from "react";
  3  |  import { Canvas, useFrame } from "@react-three/fiber";
     |                                    ^
  4  |  import { OrbitControls, Stars, Float, Trail } from "@react-three/drei";
  5  |  import { Physics, RigidBody } from "@react-three/cannon";
      at TransformPluginContext._formatError (file:///home/workspace/node_modules/vite/dist/node/chunks/dep-D_zLpgQd.js:49258:41)
      at TransformPluginContext.error (file:///home/workspace/node_modules/vite/dist/node/chunks/dep-D_zLpgQd.js:49253:16)
      at normalizeUrl (file:///home/workspace/node_modules/vite/dist/node/chunks/dep-D_zLpgQd.js:64306:23)
      at process.processTicksAndRejections (node:internal/process/task_queues:105:5)
      at async file:///home/workspace/node_modules/vite/dist/node/chunks/dep-D_zLpgQd.js:64438:39
      at async Promise.all (index 2)
      at async TransformPluginContext.transform (file:///home/workspace/node_modules/vite/dist/node/chunks/dep-D_zLpgQd.js:64365:7)
      at async PluginContainer.transform (file:///home/workspace/node_modules/vite/dist/node/chunks/dep-D_zLpgQd.js:49099:18)
      at async loadAndTransform (file:///home/workspace/node_modules/vite/dist/node/chunks/dep-D_zLpgQd.js:51977:27)
      at async viteTransformMiddleware (file:///home/workspace/node_modules/vite/dist/node/chunks/dep-D_zLpgQd.js:62105:24)
